app/build/outputs/logs/manifest-merger-debug-report.txt
-- Merging decision tree log ---
manifest
ADDED from src\main\AndroidManifest.xml:2:1-40:12
	package
		ADDED from src\main\AndroidManifest.xml:3:5-39
		INJECTED from src\main\AndroidManifest.xml
		INJECTED from src\main\AndroidManifest.xml
	xmlns:android
		ADDED from src\main\AndroidManifest.xml:2:11-69
uses-permission#android.permission.WAKE_LOCK
ADDED from src\main\AndroidManifest.xml:5:5-68
	android:name
		ADDED from src\main\AndroidManifest.xml:5:22-65
uses-permission#android.permission.DISABLE_KEYGUARD
ADDED from src\main\AndroidManifest.xml:6:5-75
	android:name
		ADDED from src\main\AndroidManifest.xml:6:22-72
application
ADDED from src\main\AndroidManifest.xml:8:5-38:19
	android:label
		ADDED from src\main\AndroidManifest.xml:11:9-41
	android:allowBackup
		ADDED from src\main\AndroidManifest.xml:9:9-35
	android:icon
		ADDED from src\main\AndroidManifest.xml:10:9-45
activity#com.codeboy.qianghongbao.MainActivity
ADDED from src\main\AndroidManifest.xml:12:9-22:20
	android:screenOrientation
		ADDED from src\main\AndroidManifest.xml:15:13-49
	android:label
		ADDED from src\main\AndroidManifest.xml:14:13-45
	android:theme
		ADDED from src\main\AndroidManifest.xml:16:13-60
	android:name
		ADDED from src\main\AndroidManifest.xml:13:13-41
intent-filter#android.intent.action.MAIN+android.intent.category.LAUNCHER
ADDED from src\main\AndroidManifest.xml:17:13-21:29
action#android.intent.action.MAIN
ADDED from src\main\AndroidManifest.xml:18:17-69
	android:name
		ADDED from src\main\AndroidManifest.xml:18:25-66
category#android.intent.category.LAUNCHER
ADDED from src\main\AndroidManifest.xml:20:17-77
	android:name
		ADDED from src\main\AndroidManifest.xml:20:27-74
service#com.codeboy.qianghongbao.QiangHongBaoService
ADDED from src\main\AndroidManifest.xml:24:9-37:19
	android:enabled
		ADDED from src\main\AndroidManifest.xml:26:13-35
	android:label
		ADDED from src\main\AndroidManifest.xml:28:13-45
	android:exported
		ADDED from src\main\AndroidManifest.xml:27:13-36
	android:permission
		ADDED from src\main\AndroidManifest.xml:29:13-79
	android:name
		ADDED from src\main\AndroidManifest.xml:25:13-48
intent-filter#android.accessibilityservice.AccessibilityService
ADDED from src\main\AndroidManifest.xml:30:13-32:29
action#android.accessibilityservice.AccessibilityService
ADDED from src\main\AndroidManifest.xml:31:17-92
	android:name
		ADDED from src\main\AndroidManifest.xml:31:25-89
meta-data#android.accessibilityservice
ADDED from src\main\AndroidManifest.xml:34:13-36:71
	android:resource
		ADDED from src\main\AndroidManifest.xml:36:17-68
	android:name
		ADDED from src\main\AndroidManifest.xml:35:17-60